<?xml version="1.0" encoding="UTF-8"?>
<!-- Generated by org.testng.reporters.JUnitXMLReporter -->
<testsuite ignored="0" hostname="George" failures="1" tests="2" name="Test" time="13.506" errors="0" timestamp="2023-06-09T21:27:24 IST">
  <testcase classname="com.learnAutomation.testcases.LoginTest" name="loginApp" time="1.631">
    <failure type="java.lang.AssertionError" message="Login failed expected [true] but found [false]">
      <![CDATA[java.lang.AssertionError: Login failed expected [true] but found [false]
at com.learnAutomation.testcases.LoginTest.loginApp(LoginTest.java:21)
at java.base/java.util.ArrayList.forEach(ArrayList.java:1511)
... Removed 28 stack frames]]>
    </failure>
  </testcase> <!-- loginApp -->
  <testcase classname="com.learnAutomation.testcases.LoginTest" name="logout" time="0.0">
    <skipped/>
  </testcase> <!-- logout -->
</testsuite> <!-- Test -->
