<?xml version="1.0" encoding="UTF-8"?>
<testng-results ignored="0" total="1" passed="1" failed="0" skipped="0">
  <reporter-output>
  </reporter-output>
  <suite started-at="2023-06-10T22:05:26 IST" name="Default suite" finished-at="2023-06-10T22:05:26 IST" duration-ms="58">
    <groups>
    </groups>
    <test started-at="2023-06-10T22:05:26 IST" name="Default test" finished-at="2023-06-10T22:05:26 IST" duration-ms="58">
      <class name="com.learnAutomation.testcases.SampleTest">
        <test-method signature="helloTest()[pri:0, instance:com.learnAutomation.testcases.SampleTest@7334aada]" started-at="2023-06-10T22:05:26 IST" name="helloTest" finished-at="2023-06-10T22:05:26 IST" duration-ms="14" status="PASS">
          <reporter-output>
          </reporter-output>
        </test-method> <!-- helloTest -->
      </class> <!-- com.learnAutomation.testcases.SampleTest -->
    </test> <!-- Default test -->
  </suite> <!-- Default suite -->
</testng-results>
